current directory: /RanQ/Production/zbundle/ruby/2.3.0/gems/hiredis-0.6.1/ext/hiredis_ext
/home/vagrant/.rbenv/versions/2.3.1/bin/ruby -r ./siteconf20170611-24266-19nkese.rb extconf.rb
checking for sys/socket.h... yes
cc -std=c99 -pedantic -c -O3 -fPIC  -Wall -W -Wstrict-prototypes -Wwrite-strings -g -ggdb  net.c
cc -std=c99 -pedantic -c -O3 -fPIC  -Wall -W -Wstrict-prototypes -Wwrite-strings -g -ggdb  hiredis.c
cc -std=c99 -pedantic -c -O3 -fPIC  -Wall -W -Wstrict-prototypes -Wwrite-strings -g -ggdb  sds.c
cc -std=c99 -pedantic -c -O3 -fPIC  -Wall -W -Wstrict-prototypes -Wwrite-strings -g -ggdb  async.c
cc -std=c99 -pedantic -c -O3 -fPIC  -Wall -W -Wstrict-prototypes -Wwrite-strings -g -ggdb  read.c
ar rcs libhiredis.a net.o hiredis.o sds.o async.o read.o
checking for rb_thread_fd_select()... yes
creating Makefile

To see why this extension failed to compile, please check the mkmf.log which can be found here:

  /RanQ/Production/zbundle/ruby/2.3.0/extensions/x86_64-linux/2.3.0-static/hiredis-0.6.1/mkmf.log

current directory: /RanQ/Production/zbundle/ruby/2.3.0/gems/hiredis-0.6.1/ext/hiredis_ext
make "DESTDIR=" clean

current directory: /RanQ/Production/zbundle/ruby/2.3.0/gems/hiredis-0.6.1/ext/hiredis_ext
make "DESTDIR="
compiling connection.c
compiling hiredis_ext.c
compiling reader.c
linking shared-object hiredis/ext/hiredis_ext.so

current directory: /RanQ/Production/zbundle/ruby/2.3.0/gems/hiredis-0.6.1/ext/hiredis_ext
make "DESTDIR=" install
/usr/bin/install -c -m 0755 hiredis_ext.so ./.gem.20170611-24266-xm0odd/hiredis/ext
