current directory: /RanQ/Production/zbundle/ruby/2.3.0/gems/cool.io-1.5.0/ext/iobuffer
/home/vagrant/.rbenv/versions/2.3.1/bin/ruby -r ./siteconf20170611-24266-orjne2.rb extconf.rb
checking for main() in -lc... yes
checking for HAVE_RB_IO_T in rubyio.h... yes
checking for rb_io_t.fd in rubyio.h... yes
creating Makefile

To see why this extension failed to compile, please check the mkmf.log which can be found here:

  /RanQ/Production/zbundle/ruby/2.3.0/extensions/x86_64-linux/2.3.0-static/cool.io-1.5.0/mkmf.log

current directory: /RanQ/Production/zbundle/ruby/2.3.0/gems/cool.io-1.5.0/ext/iobuffer
make "DESTDIR=" clean

current directory: /RanQ/Production/zbundle/ruby/2.3.0/gems/cool.io-1.5.0/ext/iobuffer
make "DESTDIR="
compiling iobuffer.c
iobuffer.c: In function ‘IO_Buffer_read’:
iobuffer.c:309:19: warning: comparison between signed and unsigned integer expressions [-Wsign-compare]
         if(length > buf->size)
                   ^
iobuffer.c: In function ‘buffer_read_frame’:
iobuffer.c:636:35: warning: pointer targets in initialization differ in signedness [-Wpointer-sign]
         char           *loc, *s = head->data + head->start, *e = head->data + head->end;
                                   ^
iobuffer.c:636:66: warning: pointer targets in initialization differ in signedness [-Wpointer-sign]
         char           *loc, *s = head->data + head->start, *e = head->data + head->end;
                                                                  ^
iobuffer.c:632:25: warning: unused variable ‘tmp’ [-Wunused-variable]
     struct buffer_node *tmp;
                         ^
iobuffer.c: In function ‘buffer_write_to’:
iobuffer.c:712:27: warning: comparison between signed and unsigned integer expressions [-Wsign-compare]
         if (bytes_written < buf->head->end - buf->head->start) {
                           ^
iobuffer.c: In function ‘buffer_read_from’:
iobuffer.c:764:25: warning: comparison between signed and unsigned integer expressions [-Wsign-compare]
     } while (bytes_read == nbytes);
                         ^
linking shared-object iobuffer_ext.so

current directory: /RanQ/Production/zbundle/ruby/2.3.0/gems/cool.io-1.5.0/ext/iobuffer
make "DESTDIR=" install
/usr/bin/install -c -m 0755 iobuffer_ext.so ./.gem.20170611-24266-1uii8xv
