have_library: checking for main() in -lc... -------------------- yes

"gcc -o conftest -I/home/vagrant/.rbenv/versions/2.3.1/include/ruby-2.3.0/x86_64-linux -I/home/vagrant/.rbenv/versions/2.3.1/include/ruby-2.3.0/ruby/backward -I/home/vagrant/.rbenv/versions/2.3.1/include/ruby-2.3.0 -I. -I/home/vagrant/.rbenv/versions/2.3.1/include     -O3 -fno-fast-math -ggdb3 -Wall -Wextra -Wno-unused-parameter -Wno-parentheses -Wno-long-long -Wno-missing-field-initializers -Wunused-variable -Wpointer-arith -Wwrite-strings -Wdeclaration-after-statement -Wimplicit-function-declaration -Wdeprecated-declarations -Wno-packed-bitfield-compat conftest.c  -L. -L/home/vagrant/.rbenv/versions/2.3.1/lib -Wl,-R/home/vagrant/.rbenv/versions/2.3.1/lib -L. -L/home/vagrant/.rbenv/versions/2.3.1/lib  -fstack-protector -rdynamic -Wl,-export-dynamic     -Wl,-R/home/vagrant/.rbenv/versions/2.3.1/lib -L/home/vagrant/.rbenv/versions/2.3.1/lib -lruby-static  -lpthread -ldl -lcrypt -lm   -lc"
checked program was:
/* begin */
1: #include "ruby.h"
2: 
3: int main(int argc, char **argv)
4: {
5:   return 0;
6: }
/* end */

"gcc -o conftest -I/home/vagrant/.rbenv/versions/2.3.1/include/ruby-2.3.0/x86_64-linux -I/home/vagrant/.rbenv/versions/2.3.1/include/ruby-2.3.0/ruby/backward -I/home/vagrant/.rbenv/versions/2.3.1/include/ruby-2.3.0 -I. -I/home/vagrant/.rbenv/versions/2.3.1/include     -O3 -fno-fast-math -ggdb3 -Wall -Wextra -Wno-unused-parameter -Wno-parentheses -Wno-long-long -Wno-missing-field-initializers -Wunused-variable -Wpointer-arith -Wwrite-strings -Wdeclaration-after-statement -Wimplicit-function-declaration -Wdeprecated-declarations -Wno-packed-bitfield-compat conftest.c  -L. -L/home/vagrant/.rbenv/versions/2.3.1/lib -Wl,-R/home/vagrant/.rbenv/versions/2.3.1/lib -L. -L/home/vagrant/.rbenv/versions/2.3.1/lib  -fstack-protector -rdynamic -Wl,-export-dynamic     -Wl,-R/home/vagrant/.rbenv/versions/2.3.1/lib -L/home/vagrant/.rbenv/versions/2.3.1/lib -lruby-static -lc  -lpthread -ldl -lcrypt -lm   -lc"
checked program was:
/* begin */
 1: #include "ruby.h"
 2: 
 3: /*top*/
 4: extern int t(void);
 5: int main(int argc, char **argv)
 6: {
 7:   if (argc > 1000000) {
 8:     printf("%p", &t);
 9:   }
10: 
11:   return 0;
12: }
13: int t(void) { void ((*volatile p)()); p = (void ((*)()))main; return !p; }
/* end */

--------------------

have_macro: checking for HAVE_RB_IO_T in rubyio.h... -------------------- yes

"gcc -I/home/vagrant/.rbenv/versions/2.3.1/include/ruby-2.3.0/x86_64-linux -I/home/vagrant/.rbenv/versions/2.3.1/include/ruby-2.3.0/ruby/backward -I/home/vagrant/.rbenv/versions/2.3.1/include/ruby-2.3.0 -I. -I/home/vagrant/.rbenv/versions/2.3.1/include     -O3 -fno-fast-math -ggdb3 -Wall -Wextra -Wno-unused-parameter -Wno-parentheses -Wno-long-long -Wno-missing-field-initializers -Wunused-variable -Wpointer-arith -Wwrite-strings -Wdeclaration-after-statement -Wimplicit-function-declaration -Wdeprecated-declarations -Wno-packed-bitfield-compat   -c conftest.c"
In file included from conftest.c:3:0:
/home/vagrant/.rbenv/versions/2.3.1/include/ruby-2.3.0/ruby/backward/rubyio.h:2:2: warning: #warning use "ruby/io.h" instead of "rubyio.h" [-Wcpp]
 #warning use "ruby/io.h" instead of "rubyio.h"
  ^
checked program was:
/* begin */
1: #include "ruby.h"
2: 
3: #include <rubyio.h>
4: /*top*/
5: #ifndef HAVE_RB_IO_T
6: # error
7: |:/ === HAVE_RB_IO_T undefined === /:|
8: #endif
/* end */

--------------------

have_struct_member: checking for rb_io_t.fd in rubyio.h... -------------------- yes

"gcc -I/home/vagrant/.rbenv/versions/2.3.1/include/ruby-2.3.0/x86_64-linux -I/home/vagrant/.rbenv/versions/2.3.1/include/ruby-2.3.0/ruby/backward -I/home/vagrant/.rbenv/versions/2.3.1/include/ruby-2.3.0 -I. -I/home/vagrant/.rbenv/versions/2.3.1/include     -O3 -fno-fast-math -ggdb3 -Wall -Wextra -Wno-unused-parameter -Wno-parentheses -Wno-long-long -Wno-missing-field-initializers -Wunused-variable -Wpointer-arith -Wwrite-strings -Wdeclaration-after-statement -Wimplicit-function-declaration -Wdeprecated-declarations -Wno-packed-bitfield-compat   -c conftest.c"
In file included from conftest.c:3:0:
/home/vagrant/.rbenv/versions/2.3.1/include/ruby-2.3.0/ruby/backward/rubyio.h:2:2: warning: #warning use "ruby/io.h" instead of "rubyio.h" [-Wcpp]
 #warning use "ruby/io.h" instead of "rubyio.h"
  ^
checked program was:
/* begin */
 1: #include "ruby.h"
 2: 
 3: #include <rubyio.h>
 4: 
 5: /*top*/
 6: int s = (char *)&((rb_io_t*)0)->fd - (char *)0;
 7: int main(int argc, char **argv)
 8: {
 9:   return 0;
10: }
/* end */

--------------------

