current directory: /RanQ/Production/zbundle/ruby/2.3.0/gems/mysql2-0.3.21/ext/mysql2
/home/vagrant/.rbenv/versions/2.3.1/bin/ruby -r ./siteconf20170611-24266-10qlh3f.rb extconf.rb
checking for ruby/thread.h... yes
checking for rb_thread_call_without_gvl() in ruby/thread.h... yes
checking for rb_thread_blocking_region()... no
checking for rb_wait_for_single_fd()... yes
checking for rb_hash_dup()... yes
checking for rb_intern3()... yes
-----
Using mysql_config at /usr/bin/mysql_config
-----
checking for mysql.h... yes
checking for errmsg.h... yes
checking for mysqld_error.h... yes
-----
Setting libpath to /usr/lib64/mysql
-----
creating Makefile

To see why this extension failed to compile, please check the mkmf.log which can be found here:

  /RanQ/Production/zbundle/ruby/2.3.0/extensions/x86_64-linux/2.3.0-static/mysql2-0.3.21/mkmf.log

current directory: /RanQ/Production/zbundle/ruby/2.3.0/gems/mysql2-0.3.21/ext/mysql2
make "DESTDIR=" clean

current directory: /RanQ/Production/zbundle/ruby/2.3.0/gems/mysql2-0.3.21/ext/mysql2
make "DESTDIR="
compiling client.c
compiling infile.c
compiling mysql2_ext.c
compiling result.c
result.c: In function ‘msec_char_to_uint’:
result.c:189:17: warning: comparison between signed and unsigned integer expressions [-Wsign-compare]
   for (i = 0; i < (len - 1); i++) {
                 ^
linking shared-object mysql2/mysql2.so

current directory: /RanQ/Production/zbundle/ruby/2.3.0/gems/mysql2-0.3.21/ext/mysql2
make "DESTDIR=" install
/usr/bin/install -c -m 0755 mysql2.so ./.gem.20170611-24266-nakv7m/mysql2
